<?xml version="1.0" encoding="UTF-8"?>
<!-- Generated by org.testng.reporters.JUnitReportReporter -->
<testsuite hostname="Jarvis" failures="0" tests="1" name="autohealinium" time="60.591" errors="0" timestamp="2023-11-05T16:24:08 IST" skipped="0">
  <testcase classname="autohealinium" name="chrometest" time="60.591"/>
</testsuite> <!-- autohealinium -->
