<?xml version="1.0" encoding="UTF-8"?>
<!-- Generated by org.testng.reporters.JUnitReportReporter -->
<testsuite hostname="Jarvis" failures="0" tests="1" name="healinium.withouthealenium" time="7.683" errors="0" timestamp="2023-11-12T22:37:02 IST" skipped="0">
  <testcase classname="healinium.withouthealenium" name="test" time="7.683"/>
</testsuite> <!-- healinium.withouthealenium -->
