<?xml version="1.0" encoding="UTF-8"?>
<!-- Generated by org.testng.reporters.JUnitReportReporter -->
<testsuite hostname="Jarvis" failures="0" tests="1" name="healinium.remotebrowser" time="6.258" errors="0" timestamp="2023-11-12T22:26:54 IST" skipped="0">
  <testcase classname="healinium.remotebrowser" name="dockertest" time="6.258"/>
</testsuite> <!-- healinium.remotebrowser -->
